[error] Failed to fetch Firebase Project from Studio Workspace because WORKSPACE_SLUG environment variable is empty
[error] Failed to fetch Firebase Project from Studio Workspace because WORKSPACE_SLUG environment variable is empty
[error] Failed to fetch Firebase Project from Studio Workspace because WORKSPACE_SLUG environment variable is empty
[error] Failed to fetch Firebase Project from Studio Workspace because WORKSPACE_SLUG environment variable is empty
[debug] [2026-01-04T11:38:24.989Z] > command requires scopes: ["email","openid","https://www.googleapis.com/auth/cloudplatformprojects.readonly","https://www.googleapis.com/auth/firebase","https://www.googleapis.com/auth/cloud-platform","https://www.googleapis.com/auth/userinfo.email"]
[debug] [2026-01-04T11:38:24.990Z] > authorizing via signed-in user (appjxn@gmail.com)
[debug] [2026-01-04T11:38:24.992Z] Checked if tokens are valid: false, expires at: 1767463982457
[debug] [2026-01-04T11:38:24.992Z] Checked if tokens are valid: false, expires at: 1767463982457
[debug] [2026-01-04T11:38:24.993Z] > refreshing access token with scopes: []
[debug] [2026-01-04T11:38:24.995Z] >>> [apiv2][query] POST https://www.googleapis.com/oauth2/v3/token [none]
[debug] [2026-01-04T11:38:24.995Z] >>> [apiv2][body] POST https://www.googleapis.com/oauth2/v3/token [omitted]
[debug] [2026-01-04T11:38:24.999Z] > command requires scopes: ["email","openid","https://www.googleapis.com/auth/cloudplatformprojects.readonly","https://www.googleapis.com/auth/firebase","https://www.googleapis.com/auth/cloud-platform","https://www.googleapis.com/auth/userinfo.email"]
[debug] [2026-01-04T11:38:25.000Z] > authorizing via signed-in user (appjxn@gmail.com)
[debug] [2026-01-04T11:38:25.000Z] Checked if tokens are valid: false, expires at: 1767463982457
[debug] [2026-01-04T11:38:25.000Z] Checked if tokens are valid: false, expires at: 1767463982457
[debug] [2026-01-04T11:38:25.001Z] > refreshing access token with scopes: []
[debug] [2026-01-04T11:38:25.001Z] >>> [apiv2][query] POST https://www.googleapis.com/oauth2/v3/token [none]
[debug] [2026-01-04T11:38:25.001Z] >>> [apiv2][body] POST https://www.googleapis.com/oauth2/v3/token [omitted]
[debug] [2026-01-04T11:38:25.118Z] <<< [apiv2][status] POST https://www.googleapis.com/oauth2/v3/token 200
[debug] [2026-01-04T11:38:25.118Z] <<< [apiv2][body] POST https://www.googleapis.com/oauth2/v3/token [omitted]
[debug] [2026-01-04T11:38:25.133Z] >>> [apiv2][query] GET https://cloudbilling.googleapis.com/v1/projects/bizcentral1-31429890-418b0/billingInfo [none]
[debug] [2026-01-04T11:38:25.136Z] <<< [apiv2][status] POST https://www.googleapis.com/oauth2/v3/token 200
[debug] [2026-01-04T11:38:25.136Z] <<< [apiv2][body] POST https://www.googleapis.com/oauth2/v3/token [omitted]
[debug] [2026-01-04T11:38:25.144Z] >>> [apiv2][query] GET https://cloudbilling.googleapis.com/v1/projects/bizcentral1-31429890-418b0/billingInfo [none]
[debug] [2026-01-04T11:38:25.370Z] <<< [apiv2][status] GET https://cloudbilling.googleapis.com/v1/projects/bizcentral1-31429890-418b0/billingInfo 200
[debug] [2026-01-04T11:38:25.370Z] <<< [apiv2][body] GET https://cloudbilling.googleapis.com/v1/projects/bizcentral1-31429890-418b0/billingInfo {"name":"projects/bizcentral1-31429890-418b0/billingInfo","projectId":"bizcentral1-31429890-418b0","billingAccountName":"billingAccounts/013C96-9AE302-5E2CB8","billingEnabled":true}
[debug] [2026-01-04T11:38:25.381Z] Checked if tokens are valid: true, expires at: 1767530304136
[debug] [2026-01-04T11:38:25.382Z] Checked if tokens are valid: true, expires at: 1767530304136
[debug] [2026-01-04T11:38:25.409Z] Checked if tokens are valid: true, expires at: 1767530304136
[debug] [2026-01-04T11:38:25.409Z] Checked if tokens are valid: true, expires at: 1767530304136
[debug] [2026-01-04T11:38:25.409Z] >>> [apiv2][query] GET https://serviceusage.googleapis.com/v1/projects/bizcentral1-31429890-418b0/services/firebasedataconnect.googleapis.com [none]
[debug] [2026-01-04T11:38:25.409Z] >>> [apiv2][(partial)header] GET https://serviceusage.googleapis.com/v1/projects/bizcentral1-31429890-418b0/services/firebasedataconnect.googleapis.com x-goog-quota-user=projects/bizcentral1-31429890-418b0
[debug] [2026-01-04T11:38:25.411Z] >>> [apiv2][query] GET https://serviceusage.googleapis.com/v1/projects/bizcentral1-31429890-418b0/services/firebaseio.com [none]
[debug] [2026-01-04T11:38:25.411Z] >>> [apiv2][(partial)header] GET https://serviceusage.googleapis.com/v1/projects/bizcentral1-31429890-418b0/services/firebaseio.com x-goog-quota-user=projects/bizcentral1-31429890-418b0
[debug] [2026-01-04T11:38:25.506Z] <<< [apiv2][status] GET https://cloudbilling.googleapis.com/v1/projects/bizcentral1-31429890-418b0/billingInfo 200
[debug] [2026-01-04T11:38:25.506Z] <<< [apiv2][body] GET https://cloudbilling.googleapis.com/v1/projects/bizcentral1-31429890-418b0/billingInfo {"name":"projects/bizcentral1-31429890-418b0/billingInfo","projectId":"bizcentral1-31429890-418b0","billingAccountName":"billingAccounts/013C96-9AE302-5E2CB8","billingEnabled":true}
[debug] [2026-01-04T11:38:25.509Z] Checked if tokens are valid: true, expires at: 1767530304136
[debug] [2026-01-04T11:38:25.509Z] Checked if tokens are valid: true, expires at: 1767530304136
[debug] [2026-01-04T11:38:25.519Z] Checked if tokens are valid: true, expires at: 1767530304136
[debug] [2026-01-04T11:38:25.519Z] Checked if tokens are valid: true, expires at: 1767530304136
[debug] [2026-01-04T11:38:25.519Z] >>> [apiv2][query] GET https://serviceusage.googleapis.com/v1/projects/bizcentral1-31429890-418b0/services/firebasedataconnect.googleapis.com [none]
[debug] [2026-01-04T11:38:25.519Z] >>> [apiv2][(partial)header] GET https://serviceusage.googleapis.com/v1/projects/bizcentral1-31429890-418b0/services/firebasedataconnect.googleapis.com x-goog-quota-user=projects/bizcentral1-31429890-418b0
[debug] [2026-01-04T11:38:25.521Z] >>> [apiv2][query] GET https://serviceusage.googleapis.com/v1/projects/bizcentral1-31429890-418b0/services/firebaseio.com [none]
[debug] [2026-01-04T11:38:25.521Z] >>> [apiv2][(partial)header] GET https://serviceusage.googleapis.com/v1/projects/bizcentral1-31429890-418b0/services/firebaseio.com x-goog-quota-user=projects/bizcentral1-31429890-418b0
[debug] [2026-01-04T11:38:26.493Z] <<< [apiv2][status] GET https://serviceusage.googleapis.com/v1/projects/bizcentral1-31429890-418b0/services/firebaseio.com 403
[debug] [2026-01-04T11:38:26.494Z] <<< [apiv2][body] GET https://serviceusage.googleapis.com/v1/projects/bizcentral1-31429890-418b0/services/firebaseio.com [omitted]
[debug] [2026-01-04T11:38:26.534Z] <<< [apiv2][status] GET https://serviceusage.googleapis.com/v1/projects/bizcentral1-31429890-418b0/services/firebasedataconnect.googleapis.com 200
[debug] [2026-01-04T11:38:26.535Z] <<< [apiv2][body] GET https://serviceusage.googleapis.com/v1/projects/bizcentral1-31429890-418b0/services/firebasedataconnect.googleapis.com [omitted]
[debug] [2026-01-04T11:38:26.538Z] <<< [apiv2][status] GET https://serviceusage.googleapis.com/v1/projects/bizcentral1-31429890-418b0/services/firebaseio.com 403
[debug] [2026-01-04T11:38:26.538Z] <<< [apiv2][body] GET https://serviceusage.googleapis.com/v1/projects/bizcentral1-31429890-418b0/services/firebaseio.com [omitted]
[debug] [2026-01-04T11:38:26.574Z] <<< [apiv2][status] GET https://serviceusage.googleapis.com/v1/projects/bizcentral1-31429890-418b0/services/firebasedataconnect.googleapis.com 200
[debug] [2026-01-04T11:38:26.574Z] <<< [apiv2][body] GET https://serviceusage.googleapis.com/v1/projects/bizcentral1-31429890-418b0/services/firebasedataconnect.googleapis.com [omitted]
[error] Failed to fetch Firebase Project from Studio Workspace because WORKSPACE_SLUG environment variable is empty
[error] Failed to fetch Firebase Project from Studio Workspace because WORKSPACE_SLUG environment variable is empty
[error] Failed to fetch Firebase Project from Studio Workspace because WORKSPACE_SLUG environment variable is empty
[debug] [2026-01-04T11:38:26.581Z] > command requires scopes: ["email","openid","https://www.googleapis.com/auth/cloudplatformprojects.readonly","https://www.googleapis.com/auth/firebase","https://www.googleapis.com/auth/cloud-platform","https://www.googleapis.com/auth/userinfo.email"]
[debug] [2026-01-04T11:38:26.581Z] > authorizing via signed-in user (appjxn@gmail.com)
[debug] [2026-01-04T11:38:26.581Z] Checked if tokens are valid: true, expires at: 1767530304136
[debug] [2026-01-04T11:38:26.581Z] Checked if tokens are valid: true, expires at: 1767530304136
[debug] [2026-01-04T11:38:26.581Z] >>> [apiv2][query] GET https://cloudbilling.googleapis.com/v1/projects/bizcentral1-31429890-418b0/billingInfo [none]
[debug] [2026-01-04T11:38:26.776Z] <<< [apiv2][status] GET https://cloudbilling.googleapis.com/v1/projects/bizcentral1-31429890-418b0/billingInfo 200
[debug] [2026-01-04T11:38:26.776Z] <<< [apiv2][body] GET https://cloudbilling.googleapis.com/v1/projects/bizcentral1-31429890-418b0/billingInfo {"name":"projects/bizcentral1-31429890-418b0/billingInfo","projectId":"bizcentral1-31429890-418b0","billingAccountName":"billingAccounts/013C96-9AE302-5E2CB8","billingEnabled":true}
[error] Failed to fetch Firebase Project from Studio Workspace because WORKSPACE_SLUG environment variable is empty
[debug] [2026-01-04T11:38:26.778Z] > command requires scopes: ["email","openid","https://www.googleapis.com/auth/cloudplatformprojects.readonly","https://www.googleapis.com/auth/firebase","https://www.googleapis.com/auth/cloud-platform","https://www.googleapis.com/auth/userinfo.email"]
[debug] [2026-01-04T11:38:26.778Z] > authorizing via signed-in user (appjxn@gmail.com)
